e:\yuwenhao\c project(2017.4.21_17_52\c project\x64\debug\vc140.pdb
e:\yuwenhao\c project(2017.4.21_17_52\c project\x64\debug\vc140.idb
e:\yuwenhao\c project(2017.4.21_17_52\c project\x64\debug\function.obj
e:\yuwenhao\c project(2017.4.21_17_52\c project\x64\debug\main.obj
e:\yuwenhao\c project(2017.4.21_17_52\c project\x64\debug\c project.pdb
e:\yuwenhao\c project(2017.4.21_17_52\c project\x64\debug\c project.tlog\cl.command.1.tlog
e:\yuwenhao\c project(2017.4.21_17_52\c project\x64\debug\c project.tlog\cl.read.1.tlog
e:\yuwenhao\c project(2017.4.21_17_52\c project\x64\debug\c project.tlog\cl.write.1.tlog
e:\yuwenhao\c project(2017.4.21_17_52\c project\x64\debug\c project.tlog\link-cvtres.read.1.tlog
e:\yuwenhao\c project(2017.4.21_17_52\c project\x64\debug\c project.tlog\link-cvtres.write.1.tlog
e:\yuwenhao\c project(2017.4.21_17_52\c project\x64\debug\c project.tlog\link-rc.read.1.tlog
e:\yuwenhao\c project(2017.4.21_17_52\c project\x64\debug\c project.tlog\link-rc.write.1.tlog
e:\yuwenhao\c project(2017.4.21_17_52\c project\x64\debug\c project.tlog\link.8036-cvtres.read.1.tlog
e:\yuwenhao\c project(2017.4.21_17_52\c project\x64\debug\c project.tlog\link.8036-cvtres.write.1.tlog
e:\yuwenhao\c project(2017.4.21_17_52\c project\x64\debug\c project.tlog\link.8036-rc.read.1.tlog
e:\yuwenhao\c project(2017.4.21_17_52\c project\x64\debug\c project.tlog\link.8036-rc.write.1.tlog
e:\yuwenhao\c project(2017.4.21_17_52\c project\x64\debug\c project.tlog\link.8036.read.1.tlog
e:\yuwenhao\c project(2017.4.21_17_52\c project\x64\debug\c project.tlog\link.8036.write.1.tlog
e:\yuwenhao\c project(2017.4.21_17_52\c project\x64\debug\c project.tlog\link.command.1.tlog
e:\yuwenhao\c project(2017.4.21_17_52\c project\x64\debug\c project.tlog\link.read.1.tlog
e:\yuwenhao\c project(2017.4.21_17_52\c project\x64\debug\c project.tlog\link.write.1.tlog
